build/app/intermediates/manifest_merge_blame_file/release/manifest-merger-blame-release-report.txt
1<?xml version="1.0" encoding="utf-8"?>
2<manifest xmlns:android="http://schemas.android.com/apk/res/android"
3    package="com.example.user_list"
4    android:versionCode="1"
5    android:versionName="1.0.0" >
6
7    <uses-sdk
8        android:minSdkVersion="16"
8-->src/main/AndroidManifest.xml
9        android:targetSdkVersion="31" />
9-->src/main/AndroidManifest.xml
10
11    <uses-permission android:name="android.permission.INTERNET" />
11-->src/main/AndroidManifest.xml:2:3-65
11-->src/main/AndroidManifest.xml:2:20-62
12
13    <application
14        android:name="android.app.Application"
14-->src/main/AndroidManifest.xml:3:42-75
15        android:appComponentFactory="androidx.core.app.CoreComponentFactory"
15-->[androidx.core:core:1.6.0] AndroidManifest.xml:24:18-86
16        android:icon="@mipmap/ic_launcher"
16-->src/main/AndroidManifest.xml:3:76-110
17        android:label="user_list" >
17-->src/main/AndroidManifest.xml:3:16-41
18        <activity
18-->src/main/AndroidManifest.xml:4:5-14:16
19            android:name="com.example.user_list.MainActivity"
19-->src/main/AndroidManifest.xml:4:15-43
20            android:configChanges="orientation|keyboardHidden|keyboard|screenSize|smallestScreenSize|locale|layoutDirection|fontScale|screenLayout|density|uiMode"
20-->src/main/AndroidManifest.xml:4:134-284
21            android:exported="true"
21-->src/main/AndroidManifest.xml:4:44-67
22            android:hardwareAccelerated="true"
22-->src/main/AndroidManifest.xml:4:285-319
23            android:launchMode="singleTop"
23-->src/main/AndroidManifest.xml:4:68-98
24            android:theme="@style/LaunchTheme"
24-->src/main/AndroidManifest.xml:4:99-133
25            android:windowSoftInputMode="adjustResize" >
25-->src/main/AndroidManifest.xml:4:320-362
26
27            <!--
28           Specifies an Android theme to apply to this Activity as soon as
29                 the Android process has started. This theme is visible to the user
30                 while the Flutter UI initializes. After that, this theme continues
31                 to determine the Window background behind the Flutter UI.
32            -->
33            <meta-data
33-->src/main/AndroidManifest.xml:9:7-114
34                android:name="io.flutter.embedding.android.NormalTheme"
34-->src/main/AndroidManifest.xml:9:18-73
35                android:resource="@style/NormalTheme" />
35-->src/main/AndroidManifest.xml:9:74-111
36
37            <intent-filter>
37-->src/main/AndroidManifest.xml:10:7-13:23
38                <action android:name="android.intent.action.MAIN" />
38-->src/main/AndroidManifest.xml:11:9-61
38-->src/main/AndroidManifest.xml:11:17-58
39
40                <category android:name="android.intent.category.LAUNCHER" />
40-->src/main/AndroidManifest.xml:12:9-69
40-->src/main/AndroidManifest.xml:12:19-66
41            </intent-filter>
42        </activity>
43        <!--
44         Don't delete the meta-data below.
45             This is used by the Flutter tool to generate GeneratedPluginRegistrant.java
46        -->
47        <meta-data
47-->src/main/AndroidManifest.xml:17:5-68
48            android:name="flutterEmbedding"
48-->src/main/AndroidManifest.xml:17:16-47
49            android:value="2" />
49-->src/main/AndroidManifest.xml:17:48-65
50
51        <uses-library
51-->[androidx.window:window:1.0.0-beta04] AndroidManifest.xml:25:9-27:40
52            android:name="androidx.window.extensions"
52-->[androidx.window:window:1.0.0-beta04] AndroidManifest.xml:26:13-54
53            android:required="false" />
53-->[androidx.window:window:1.0.0-beta04] AndroidManifest.xml:27:13-37
54        <uses-library
54-->[androidx.window:window:1.0.0-beta04] AndroidManifest.xml:28:9-30:40
55            android:name="androidx.window.sidecar"
55-->[androidx.window:window:1.0.0-beta04] AndroidManifest.xml:29:13-51
56            android:required="false" />
56-->[androidx.window:window:1.0.0-beta04] AndroidManifest.xml:30:13-37
57    </application>
58
59</manifest>